[debug] [2024-08-11T07:16:05.978Z] ----------------------------------------------------------------------
[debug] [2024-08-11T07:16:05.982Z] Command:       C:\Program Files\nodejs\node.exe C:\Users\hp\AppData\Roaming\npm\node_modules\firebase-tools\lib\bin\firebase.js deploy --only functions:createSale
[debug] [2024-08-11T07:16:05.983Z] CLI Version:   12.0.0
[debug] [2024-08-11T07:16:05.983Z] Platform:      win32
[debug] [2024-08-11T07:16:05.984Z] Node Version:  v16.20.2
[debug] [2024-08-11T07:16:05.985Z] Time:          Sun Aug 11 2024 10:16:05 GMT+0300 (East Africa Time)
[debug] [2024-08-11T07:16:05.986Z] ----------------------------------------------------------------------
[debug] 
[debug] [2024-08-11T07:16:06.120Z] > command requires scopes: ["email","openid","https://www.googleapis.com/auth/cloudplatformprojects.readonly","https://www.googleapis.com/auth/firebase","https://www.googleapis.com/auth/cloud-platform"]
[debug] [2024-08-11T07:16:06.121Z] > authorizing via signed-in user (ipucha69@gmail.com)
[debug] [2024-08-11T07:16:06.121Z] [iam] checking project ksk-oil for permissions ["cloudfunctions.functions.create","cloudfunctions.functions.delete","cloudfunctions.functions.get","cloudfunctions.functions.list","cloudfunctions.functions.update","cloudfunctions.operations.get","firebase.projects.get"]
[debug] [2024-08-11T07:16:06.125Z] >>> [apiv2][query] POST https://cloudresourcemanager.googleapis.com/v1/projects/ksk-oil:testIamPermissions [none]
[debug] [2024-08-11T07:16:06.125Z] >>> [apiv2][(partial)header] POST https://cloudresourcemanager.googleapis.com/v1/projects/ksk-oil:testIamPermissions x-goog-quota-user=projects/ksk-oil
[debug] [2024-08-11T07:16:06.126Z] >>> [apiv2][body] POST https://cloudresourcemanager.googleapis.com/v1/projects/ksk-oil:testIamPermissions {"permissions":["cloudfunctions.functions.create","cloudfunctions.functions.delete","cloudfunctions.functions.get","cloudfunctions.functions.list","cloudfunctions.functions.update","cloudfunctions.operations.get","firebase.projects.get"]}
[debug] [2024-08-11T07:16:07.764Z] <<< [apiv2][status] POST https://cloudresourcemanager.googleapis.com/v1/projects/ksk-oil:testIamPermissions 200
[debug] [2024-08-11T07:16:07.765Z] <<< [apiv2][body] POST https://cloudresourcemanager.googleapis.com/v1/projects/ksk-oil:testIamPermissions {"permissions":["cloudfunctions.functions.create","cloudfunctions.functions.delete","cloudfunctions.functions.get","cloudfunctions.functions.list","cloudfunctions.functions.update","cloudfunctions.operations.get","firebase.projects.get"]}
[debug] [2024-08-11T07:16:07.766Z] >>> [apiv2][query] POST https://iam.googleapis.com/v1/projects/ksk-oil/serviceAccounts/ksk-oil@appspot.gserviceaccount.com:testIamPermissions [none]
[debug] [2024-08-11T07:16:07.766Z] >>> [apiv2][body] POST https://iam.googleapis.com/v1/projects/ksk-oil/serviceAccounts/ksk-oil@appspot.gserviceaccount.com:testIamPermissions {"permissions":["iam.serviceAccounts.actAs"]}
[debug] [2024-08-11T07:16:09.294Z] <<< [apiv2][status] POST https://iam.googleapis.com/v1/projects/ksk-oil/serviceAccounts/ksk-oil@appspot.gserviceaccount.com:testIamPermissions 200
[debug] [2024-08-11T07:16:09.295Z] <<< [apiv2][body] POST https://iam.googleapis.com/v1/projects/ksk-oil/serviceAccounts/ksk-oil@appspot.gserviceaccount.com:testIamPermissions {"permissions":["iam.serviceAccounts.actAs"]}
[info] 
[info] === Deploying to 'ksk-oil'...
[info] 
[info] i  deploying functions 
[debug] [2024-08-11T07:16:09.304Z] >>> [apiv2][query] GET https://firebase.googleapis.com/v1beta1/projects/ksk-oil [none]
[debug] [2024-08-11T07:16:09.842Z] <<< [apiv2][status] GET https://firebase.googleapis.com/v1beta1/projects/ksk-oil 200
[debug] [2024-08-11T07:16:09.843Z] <<< [apiv2][body] GET https://firebase.googleapis.com/v1beta1/projects/ksk-oil {"projectId":"ksk-oil","projectNumber":"272191890678","displayName":"KSK OIL","name":"projects/ksk-oil","resources":{"hostingSite":"ksk-oil","storageBucket":"ksk-oil.appspot.com","locationId":"us-central"},"state":"ACTIVE","etag":"1_46439aca-ffca-4c11-b5ee-2283886b147a"}
[info] i  functions: preparing codebase default for deployment 
[info] i  functions: ensuring required API cloudfunctions.googleapis.com is enabled... 
[info] i  functions: ensuring required API cloudbuild.googleapis.com is enabled... 
[info] i  artifactregistry: ensuring required API artifactregistry.googleapis.com is enabled... 
[debug] [2024-08-11T07:16:09.857Z] >>> [apiv2][query] GET https://serviceusage.googleapis.com/v1/projects/ksk-oil/services/cloudfunctions.googleapis.com [none]
[debug] [2024-08-11T07:16:09.858Z] >>> [apiv2][(partial)header] GET https://serviceusage.googleapis.com/v1/projects/ksk-oil/services/cloudfunctions.googleapis.com x-goog-quota-user=projects/ksk-oil
[debug] [2024-08-11T07:16:09.861Z] >>> [apiv2][query] GET https://serviceusage.googleapis.com/v1/projects/ksk-oil/services/runtimeconfig.googleapis.com [none]
[debug] [2024-08-11T07:16:09.862Z] >>> [apiv2][(partial)header] GET https://serviceusage.googleapis.com/v1/projects/ksk-oil/services/runtimeconfig.googleapis.com x-goog-quota-user=projects/ksk-oil
[debug] [2024-08-11T07:16:09.865Z] >>> [apiv2][query] GET https://serviceusage.googleapis.com/v1/projects/ksk-oil/services/cloudbuild.googleapis.com [none]
[debug] [2024-08-11T07:16:09.865Z] >>> [apiv2][(partial)header] GET https://serviceusage.googleapis.com/v1/projects/ksk-oil/services/cloudbuild.googleapis.com x-goog-quota-user=projects/ksk-oil
[debug] [2024-08-11T07:16:09.870Z] >>> [apiv2][query] GET https://serviceusage.googleapis.com/v1/projects/ksk-oil/services/artifactregistry.googleapis.com [none]
[debug] [2024-08-11T07:16:09.870Z] >>> [apiv2][(partial)header] GET https://serviceusage.googleapis.com/v1/projects/ksk-oil/services/artifactregistry.googleapis.com x-goog-quota-user=projects/ksk-oil
[debug] [2024-08-11T07:16:11.671Z] <<< [apiv2][status] GET https://serviceusage.googleapis.com/v1/projects/ksk-oil/services/cloudbuild.googleapis.com 200
[debug] [2024-08-11T07:16:11.671Z] <<< [apiv2][body] GET https://serviceusage.googleapis.com/v1/projects/ksk-oil/services/cloudbuild.googleapis.com [omitted]
[info] +  functions: required API cloudbuild.googleapis.com is enabled 
[debug] [2024-08-11T07:16:11.871Z] <<< [apiv2][status] GET https://serviceusage.googleapis.com/v1/projects/ksk-oil/services/runtimeconfig.googleapis.com 200
[debug] [2024-08-11T07:16:11.871Z] <<< [apiv2][body] GET https://serviceusage.googleapis.com/v1/projects/ksk-oil/services/runtimeconfig.googleapis.com [omitted]
[debug] [2024-08-11T07:16:11.903Z] <<< [apiv2][status] GET https://serviceusage.googleapis.com/v1/projects/ksk-oil/services/cloudfunctions.googleapis.com 200
[debug] [2024-08-11T07:16:11.903Z] <<< [apiv2][body] GET https://serviceusage.googleapis.com/v1/projects/ksk-oil/services/cloudfunctions.googleapis.com [omitted]
[info] +  functions: required API cloudfunctions.googleapis.com is enabled 
[debug] [2024-08-11T07:16:11.905Z] <<< [apiv2][status] GET https://serviceusage.googleapis.com/v1/projects/ksk-oil/services/artifactregistry.googleapis.com 200
[debug] [2024-08-11T07:16:11.905Z] <<< [apiv2][body] GET https://serviceusage.googleapis.com/v1/projects/ksk-oil/services/artifactregistry.googleapis.com [omitted]
[info] +  artifactregistry: required API artifactregistry.googleapis.com is enabled 
[debug] [2024-08-11T07:16:11.906Z] >>> [apiv2][query] GET https://firebase.googleapis.com/v1beta1/projects/ksk-oil/adminSdkConfig [none]
[debug] [2024-08-11T07:16:12.775Z] <<< [apiv2][status] GET https://firebase.googleapis.com/v1beta1/projects/ksk-oil/adminSdkConfig 200
[debug] [2024-08-11T07:16:12.775Z] <<< [apiv2][body] GET https://firebase.googleapis.com/v1beta1/projects/ksk-oil/adminSdkConfig {"projectId":"ksk-oil","storageBucket":"ksk-oil.appspot.com","locationId":"us-central"}
[debug] [2024-08-11T07:16:12.777Z] >>> [apiv2][query] GET https://runtimeconfig.googleapis.com/v1beta1/projects/ksk-oil/configs [none]
[debug] [2024-08-11T07:16:13.411Z] <<< [apiv2][status] GET https://runtimeconfig.googleapis.com/v1beta1/projects/ksk-oil/configs 200
[debug] [2024-08-11T07:16:13.411Z] <<< [apiv2][body] GET https://runtimeconfig.googleapis.com/v1beta1/projects/ksk-oil/configs {}
[debug] [2024-08-11T07:16:13.413Z] Validating nodejs source
[warn] !  functions: package.json indicates an outdated version of firebase-functions. Please upgrade using npm install --save firebase-functions@latest in your functions directory. 
[warn] !  functions: Please note that there will be breaking changes when you upgrade. 
[debug] [2024-08-11T07:16:15.119Z] > [functions] package.json contents: {
  "name": "functions",
  "description": "Cloud Functions for Firebase",
  "scripts": {
    "serve": "firebase emulators:start --only functions",
    "shell": "firebase functions:shell",
    "start": "npm run shell",
    "deploy": "firebase deploy --only functions",
    "logs": "firebase functions:log"
  },
  "engines": {
    "node": "18"
  },
  "main": "index.js",
  "dependencies": {
    "firebase-admin": "^11.8.0",
    "firebase-functions": "^4.3.1",
    "moment": "^2.30.1",
    "moment-timezone": "^0.5.45"
  },
  "devDependencies": {
    "firebase-functions-test": "^3.1.0"
  },
  "private": true
}
[debug] [2024-08-11T07:16:15.119Z] Building nodejs source
[debug] [2024-08-11T07:16:15.121Z] Could not find functions.yaml. Must use http discovery
[debug] [2024-08-11T07:16:15.153Z] Found firebase-functions binary at 'C:\Users\hp\Documents\kskoil\functions\node_modules\.bin\firebase-functions'
[debug] [2024-08-11T07:16:15.634Z] Serving at port 8524

[debug] [2024-08-11T07:16:16.297Z] Got response from /__/functions.yaml {"endpoints":{"helloworld":{"availableMemoryMb":null,"timeoutSeconds":null,"minInstances":null,"maxInstances":10,"ingressSettings":null,"concurrency":null,"serviceAccountEmail":null,"vpc":null,"platform":"gcfv2","labels":{},"httpsTrigger":{},"entryPoint":"helloworld"},"createUser":{"availableMemoryMb":null,"timeoutSeconds":null,"minInstances":null,"maxInstances":10,"ingressSettings":null,"concurrency":null,"serviceAccountEmail":null,"vpc":null,"platform":"gcfv2","labels":{},"callableTrigger":{},"entryPoint":"createUser"},"updateUser":{"availableMemoryMb":null,"timeoutSeconds":null,"minInstances":null,"maxInstances":10,"ingressSettings":null,"concurrency":null,"serviceAccountEmail":null,"vpc":null,"platform":"gcfv2","labels":{},"callableTrigger":{},"entryPoint":"updateUser"},"updatePassword":{"availableMemoryMb":null,"timeoutSeconds":null,"minInstances":null,"maxInstances":10,"ingressSettings":null,"concurrency":null,"serviceAccountEmail":null,"vpc":null,"platform":"gcfv2","labels":{},"callableTrigger":{},"entryPoint":"updatePassword"},"createManager":{"availableMemoryMb":null,"timeoutSeconds":null,"minInstances":null,"maxInstances":10,"ingressSettings":null,"concurrency":null,"serviceAccountEmail":null,"vpc":null,"platform":"gcfv2","labels":{},"callableTrigger":{},"entryPoint":"createManager"},"updateManager":{"availableMemoryMb":null,"timeoutSeconds":null,"minInstances":null,"maxInstances":10,"ingressSettings":null,"concurrency":null,"serviceAccountEmail":null,"vpc":null,"platform":"gcfv2","labels":{},"callableTrigger":{},"entryPoint":"updateManager"},"createStock":{"availableMemoryMb":null,"timeoutSeconds":null,"minInstances":null,"maxInstances":10,"ingressSettings":null,"concurrency":null,"serviceAccountEmail":null,"vpc":null,"platform":"gcfv2","labels":{},"callableTrigger":{},"entryPoint":"createStock"},"updateStock":{"availableMemoryMb":null,"timeoutSeconds":null,"minInstances":null,"maxInstances":10,"ingressSettings":null,"concurrency":null,"serviceAccountEmail":null,"vpc":null,"platform":"gcfv2","labels":{},"callableTrigger":{},"entryPoint":"updateStock"},"updateStockTransfer":{"availableMemoryMb":null,"timeoutSeconds":null,"minInstances":null,"maxInstances":10,"ingressSettings":null,"concurrency":null,"serviceAccountEmail":null,"vpc":null,"platform":"gcfv2","labels":{},"callableTrigger":{},"entryPoint":"updateStockTransfer"},"stockTransfer":{"availableMemoryMb":null,"timeoutSeconds":null,"minInstances":null,"maxInstances":10,"ingressSettings":null,"concurrency":null,"serviceAccountEmail":null,"vpc":null,"platform":"gcfv2","labels":{},"callableTrigger":{},"entryPoint":"stockTransfer"},"stockDistribution":{"availableMemoryMb":null,"timeoutSeconds":null,"minInstances":null,"maxInstances":10,"ingressSettings":null,"concurrency":null,"serviceAccountEmail":null,"vpc":null,"platform":"gcfv2","labels":{},"callableTrigger":{},"entryPoint":"stockDistribution"},"createSupplier":{"availableMemoryMb":null,"timeoutSeconds":null,"minInstances":null,"maxInstances":10,"ingressSettings":null,"concurrency":null,"serviceAccountEmail":null,"vpc":null,"platform":"gcfv2","labels":{},"callableTrigger":{},"entryPoint":"createSupplier"},"updateSupplier":{"availableMemoryMb":null,"timeoutSeconds":null,"minInstances":null,"maxInstances":10,"ingressSettings":null,"concurrency":null,"serviceAccountEmail":null,"vpc":null,"platform":"gcfv2","labels":{},"callableTrigger":{},"entryPoint":"updateSupplier"},"createSupplierPayment":{"availableMemoryMb":null,"timeoutSeconds":null,"minInstances":null,"maxInstances":10,"ingressSettings":null,"concurrency":null,"serviceAccountEmail":null,"vpc":null,"platform":"gcfv2","labels":{},"callableTrigger":{},"entryPoint":"createSupplierPayment"},"updateSupplierPayment":{"availableMemoryMb":null,"timeoutSeconds":null,"minInstances":null,"maxInstances":10,"ingressSettings":null,"concurrency":null,"serviceAccountEmail":null,"vpc":null,"platform":"gcfv2","labels":{},"callableTrigger":{},"entryPoint":"updateSupplierPayment"},"supplierFinancialStatements":{"availableMemoryMb":null,"timeoutSeconds":null,"minInstances":null,"maxInstances":10,"ingressSettings":null,"concurrency":null,"serviceAccountEmail":null,"vpc":null,"platform":"gcfv2","labels":{},"callableTrigger":{},"entryPoint":"supplierFinancialStatements"},"dailySupplierFinancialStatements":{"availableMemoryMb":null,"timeoutSeconds":null,"minInstances":null,"maxInstances":10,"ingressSettings":null,"concurrency":null,"serviceAccountEmail":null,"vpc":null,"platform":"gcfv2","labels":{},"callableTrigger":{},"entryPoint":"dailySupplierFinancialStatements"},"monthlySupplierFinancialStatements":{"availableMemoryMb":null,"timeoutSeconds":null,"minInstances":null,"maxInstances":10,"ingressSettings":null,"concurrency":null,"serviceAccountEmail":null,"vpc":null,"platform":"gcfv2","labels":{},"callableTrigger":{},"entryPoint":"monthlySupplierFinancialStatements"},"annualSupplierFinancialStatements":{"availableMemoryMb":null,"timeoutSeconds":null,"minInstances":null,"maxInstances":10,"ingressSettings":null,"concurrency":null,"serviceAccountEmail":null,"vpc":null,"platform":"gcfv2","labels":{},"callableTrigger":{},"entryPoint":"annualSupplierFinancialStatements"},"createCustomer":{"availableMemoryMb":null,"timeoutSeconds":null,"minInstances":null,"maxInstances":10,"ingressSettings":null,"concurrency":null,"serviceAccountEmail":null,"vpc":null,"platform":"gcfv2","labels":{},"callableTrigger":{},"entryPoint":"createCustomer"},"updateCustomer":{"availableMemoryMb":null,"timeoutSeconds":null,"minInstances":null,"maxInstances":10,"ingressSettings":null,"concurrency":null,"serviceAccountEmail":null,"vpc":null,"platform":"gcfv2","labels":{},"callableTrigger":{},"entryPoint":"updateCustomer"},"createCustomerPayment":{"availableMemoryMb":null,"timeoutSeconds":null,"minInstances":null,"maxInstances":10,"ingressSettings":null,"concurrency":null,"serviceAccountEmail":null,"vpc":null,"platform":"gcfv2","labels":{},"callableTrigger":{},"entryPoint":"createCustomerPayment"},"updateCustomerPayment":{"availableMemoryMb":null,"timeoutSeconds":null,"minInstances":null,"maxInstances":10,"ingressSettings":null,"concurrency":null,"serviceAccountEmail":null,"vpc":null,"platform":"gcfv2","labels":{},"callableTrigger":{},"entryPoint":"updateCustomerPayment"},"customerDebtSettings":{"availableMemoryMb":null,"timeoutSeconds":null,"minInstances":null,"maxInstances":10,"ingressSettings":null,"concurrency":null,"serviceAccountEmail":null,"vpc":null,"platform":"gcfv2","labels":{},"scheduleTrigger":{"schedule":"every day 07:00","retryConfig":{},"timeZone":"Africa/Dar_es_Salaam"},"entryPoint":"customerDebtSettings"},"customerFinancialStatements":{"availableMemoryMb":null,"timeoutSeconds":null,"minInstances":null,"maxInstances":10,"ingressSettings":null,"concurrency":null,"serviceAccountEmail":null,"vpc":null,"platform":"gcfv2","labels":{},"callableTrigger":{},"entryPoint":"customerFinancialStatements"},"dailyCustomerFinancialStatement":{"availableMemoryMb":null,"timeoutSeconds":null,"minInstances":null,"maxInstances":10,"ingressSettings":null,"concurrency":null,"serviceAccountEmail":null,"vpc":null,"platform":"gcfv2","labels":{},"callableTrigger":{},"entryPoint":"dailyCustomerFinancialStatement"},"monthlyCustomerFinancialStatement":{"availableMemoryMb":null,"timeoutSeconds":null,"minInstances":null,"maxInstances":10,"ingressSettings":null,"concurrency":null,"serviceAccountEmail":null,"vpc":null,"platform":"gcfv2","labels":{},"callableTrigger":{},"entryPoint":"monthlyCustomerFinancialStatement"},"annualCustomerFinancialStatement":{"availableMemoryMb":null,"timeoutSeconds":null,"minInstances":null,"maxInstances":10,"ingressSettings":null,"concurrency":null,"serviceAccountEmail":null,"vpc":null,"platform":"gcfv2","labels":{},"callableTrigger":{},"entryPoint":"annualCustomerFinancialStatement"},"customerInvoice":{"availableMemoryMb":null,"timeoutSeconds":null,"minInstances":null,"maxInstances":10,"ingressSettings":null,"concurrency":null,"serviceAccountEmail":null,"vpc":null,"platform":"gcfv2","labels":{},"callableTrigger":{},"entryPoint":"customerInvoice"},"dailyCustomerInvoice":{"availableMemoryMb":null,"timeoutSeconds":null,"minInstances":null,"maxInstances":10,"ingressSettings":null,"concurrency":null,"serviceAccountEmail":null,"vpc":null,"platform":"gcfv2","labels":{},"callableTrigger":{},"entryPoint":"dailyCustomerInvoice"},"monthlyCustomerInvoice":{"availableMemoryMb":null,"timeoutSeconds":null,"minInstances":null,"maxInstances":10,"ingressSettings":null,"concurrency":null,"serviceAccountEmail":null,"vpc":null,"platform":"gcfv2","labels":{},"callableTrigger":{},"entryPoint":"monthlyCustomerInvoice"},"annualCustomerInvoice":{"availableMemoryMb":null,"timeoutSeconds":null,"minInstances":null,"maxInstances":10,"ingressSettings":null,"concurrency":null,"serviceAccountEmail":null,"vpc":null,"platform":"gcfv2","labels":{},"callableTrigger":{},"entryPoint":"annualCustomerInvoice"},"createPump":{"availableMemoryMb":null,"timeoutSeconds":null,"minInstances":null,"maxInstances":10,"ingressSettings":null,"concurrency":null,"serviceAccountEmail":null,"vpc":null,"platform":"gcfv2","labels":{},"callableTrigger":{},"entryPoint":"createPump"},"deletePump":{"availableMemoryMb":null,"timeoutSeconds":null,"minInstances":null,"maxInstances":10,"ingressSettings":null,"concurrency":null,"serviceAccountEmail":null,"vpc":null,"platform":"gcfv2","labels":{},"callableTrigger":{},"entryPoint":"deletePump"},"createPumpCard":{"availableMemoryMb":null,"timeoutSeconds":null,"minInstances":null,"maxInstances":10,"ingressSettings":null,"concurrency":null,"serviceAccountEmail":null,"vpc":null,"platform":"gcfv2","labels":{},"callableTrigger":{},"entryPoint":"createPumpCard"},"initializeDayBook":{"availableMemoryMb":null,"timeoutSeconds":null,"minInstances":null,"maxInstances":10,"ingressSettings":null,"concurrency":null,"serviceAccountEmail":null,"vpc":null,"platform":"gcfv2","labels":{},"scheduleTrigger":{"schedule":"every day 07:00","retryConfig":{},"timeZone":"Africa/Dar_es_Salaam"},"entryPoint":"initializeDayBook"},"fetchDayBook":{"availableMemoryMb":null,"timeoutSeconds":null,"minInstances":null,"maxInstances":10,"ingressSettings":null,"concurrency":null,"serviceAccountEmail":null,"vpc":null,"platform":"gcfv2","labels":{},"callableTrigger":{},"entryPoint":"fetchDayBook"},"createNewBook":{"availableMemoryMb":null,"timeoutSeconds":null,"minInstances":null,"maxInstances":10,"ingressSettings":null,"concurrency":null,"serviceAccountEmail":null,"vpc":null,"platform":"gcfv2","labels":{},"callableTrigger":{},"entryPoint":"createNewBook"},"createSale":{"availableMemoryMb":null,"timeoutSeconds":null,"minInstances":null,"maxInstances":10,"ingressSettings":null,"concurrency":null,"serviceAccountEmail":null,"vpc":null,"platform":"gcfv2","labels":{},"callableTrigger":{},"entryPoint":"createSale"},"createPriceTwoSale":{"availableMemoryMb":null,"timeoutSeconds":null,"minInstances":null,"maxInstances":10,"ingressSettings":null,"concurrency":null,"serviceAccountEmail":null,"vpc":null,"platform":"gcfv2","labels":{},"callableTrigger":{},"entryPoint":"createPriceTwoSale"},"createDebtor":{"availableMemoryMb":null,"timeoutSeconds":null,"minInstances":null,"maxInstances":10,"ingressSettings":null,"concurrency":null,"serviceAccountEmail":null,"vpc":null,"platform":"gcfv2","labels":{},"callableTrigger":{},"entryPoint":"createDebtor"},"createExpense":{"availableMemoryMb":null,"timeoutSeconds":null,"minInstances":null,"maxInstances":10,"ingressSettings":null,"concurrency":null,"serviceAccountEmail":null,"vpc":null,"platform":"gcfv2","labels":{},"callableTrigger":{},"entryPoint":"createExpense"},"createDebtorCashSale":{"availableMemoryMb":null,"timeoutSeconds":null,"minInstances":null,"maxInstances":10,"ingressSettings":null,"concurrency":null,"serviceAccountEmail":null,"vpc":null,"platform":"gcfv2","labels":{},"callableTrigger":{},"entryPoint":"createDebtorCashSale"},"updateDebtor":{"availableMemoryMb":null,"timeoutSeconds":null,"minInstances":null,"maxInstances":10,"ingressSettings":null,"concurrency":null,"serviceAccountEmail":null,"vpc":null,"platform":"gcfv2","labels":{},"callableTrigger":{},"entryPoint":"updateDebtor"},"updateExpense":{"availableMemoryMb":null,"timeoutSeconds":null,"minInstances":null,"maxInstances":10,"ingressSettings":null,"concurrency":null,"serviceAccountEmail":null,"vpc":null,"platform":"gcfv2","labels":{},"callableTrigger":{},"entryPoint":"updateExpense"},"closeDayBook":{"availableMemoryMb":null,"timeoutSeconds":null,"minInstances":null,"maxInstances":10,"ingressSettings":null,"concurrency":null,"serviceAccountEmail":null,"vpc":null,"platform":"gcfv2","labels":{},"callableTrigger":{},"entryPoint":"closeDayBook"},"fetchSalesBook":{"availableMemoryMb":null,"timeoutSeconds":null,"minInstances":null,"maxInstances":10,"ingressSettings":null,"concurrency":null,"serviceAccountEmail":null,"vpc":null,"platform":"gcfv2","labels":{},"callableTrigger":{},"entryPoint":"fetchSalesBook"},"fetchSalesAccount":{"availableMemoryMb":null,"timeoutSeconds":null,"minInstances":null,"maxInstances":10,"ingressSettings":null,"concurrency":null,"serviceAccountEmail":null,"vpc":null,"platform":"gcfv2","labels":{},"callableTrigger":{},"entryPoint":"fetchSalesAccount"},"fetchAnalytics":{"availableMemoryMb":null,"timeoutSeconds":null,"minInstances":null,"maxInstances":10,"ingressSettings":null,"concurrency":null,"serviceAccountEmail":null,"vpc":null,"platform":"gcfv2","labels":{},"callableTrigger":{},"entryPoint":"fetchAnalytics"},"monthlySalesAnalytics":{"availableMemoryMb":null,"timeoutSeconds":null,"minInstances":null,"maxInstances":10,"ingressSettings":null,"concurrency":null,"serviceAccountEmail":null,"vpc":null,"platform":"gcfv2","labels":{},"callableTrigger":{},"entryPoint":"monthlySalesAnalytics"},"dailySalesAnalytics":{"availableMemoryMb":null,"timeoutSeconds":null,"minInstances":null,"maxInstances":10,"ingressSettings":null,"concurrency":null,"serviceAccountEmail":null,"vpc":null,"platform":"gcfv2","labels":{},"callableTrigger":{},"entryPoint":"dailySalesAnalytics"},"fetchStationAnalytics":{"availableMemoryMb":null,"timeoutSeconds":null,"minInstances":null,"maxInstances":10,"ingressSettings":null,"concurrency":null,"serviceAccountEmail":null,"vpc":null,"platform":"gcfv2","labels":{},"callableTrigger":{},"entryPoint":"fetchStationAnalytics"}},"specVersion":"v1alpha1","requiredAPIs":[{"api":"cloudscheduler.googleapis.com","reason":"Needed for scheduled functions."}]}
[info] i  functions: preparing functions directory for uploading... 
[info] i  functions: packaged C:\Users\hp\Documents\kskoil\functions (212.46 KB) for uploading 
[debug] [2024-08-11T07:16:16.623Z] >>> [apiv2][query] GET https://cloudfunctions.googleapis.com/v1/projects/ksk-oil/locations/-/functions [none]
[debug] [2024-08-11T07:16:17.607Z] <<< [apiv2][status] GET https://cloudfunctions.googleapis.com/v1/projects/ksk-oil/locations/-/functions 200
[debug] [2024-08-11T07:16:17.608Z] <<< [apiv2][body] GET https://cloudfunctions.googleapis.com/v1/projects/ksk-oil/locations/-/functions {}
[debug] [2024-08-11T07:16:17.612Z] >>> [apiv2][query] GET https://cloudfunctions.googleapis.com/v2/projects/ksk-oil/locations/-/functions filter=environment%3D%22GEN_2%22
